c:\users\user\onedrive - the academic college of tel-aviv jaffa - mta\chessfinalproject\chessfinalproject\debug\vc142.pdb
c:\users\user\onedrive - the academic college of tel-aviv jaffa - mta\chessfinalproject\chessfinalproject\debug\vc142.idb
c:\users\user\onedrive - the academic college of tel-aviv jaffa - mta\chessfinalproject\chessfinalproject\debug\main.obj
c:\users\user\onedrive - the academic college of tel-aviv jaffa - mta\chessfinalproject\chessfinalproject\debug\q3.obj
c:\users\user\onedrive - the academic college of tel-aviv jaffa - mta\chessfinalproject\chessfinalproject\debug\generalfunctions.obj
c:\users\user\onedrive - the academic college of tel-aviv jaffa - mta\chessfinalproject\chessfinalproject\debug\q1functions.obj
c:\users\user\onedrive - the academic college of tel-aviv jaffa - mta\chessfinalproject\chessfinalproject\debug\q2functions.obj
c:\users\user\onedrive - the academic college of tel-aviv jaffa - mta\chessfinalproject\chessfinalproject\debug\q4.obj
c:\users\user\onedrive - the academic college of tel-aviv jaffa - mta\chessfinalproject\chessfinalproject\debug\q5.obj
c:\users\user\onedrive - the academic college of tel-aviv jaffa - mta\chessfinalproject\debug\chessfinalproject.exe
c:\users\user\onedrive - the academic college of tel-aviv jaffa - mta\chessfinalproject\debug\chessfinalproject.ilk
c:\users\user\onedrive - the academic college of tel-aviv jaffa - mta\chessfinalproject\debug\chessfinalproject.pdb
c:\users\user\onedrive - the academic college of tel-aviv jaffa - mta\chessfinalproject\chessfinalproject\debug\q1functions.obj.enc
c:\users\user\onedrive - the academic college of tel-aviv jaffa - mta\chessfinalproject\chessfinalproject\debug\q3.obj.enc
c:\users\user\onedrive - the academic college of tel-aviv jaffa - mta\chessfinalproject\chessfinalproject\debug\chessfin.77d3d751.tlog\cl.command.1.tlog
c:\users\user\onedrive - the academic college of tel-aviv jaffa - mta\chessfinalproject\chessfinalproject\debug\chessfin.77d3d751.tlog\cl.read.1.tlog
c:\users\user\onedrive - the academic college of tel-aviv jaffa - mta\chessfinalproject\chessfinalproject\debug\chessfin.77d3d751.tlog\cl.write.1.tlog
c:\users\user\onedrive - the academic college of tel-aviv jaffa - mta\chessfinalproject\chessfinalproject\debug\chessfin.77d3d751.tlog\link.command.1.tlog
c:\users\user\onedrive - the academic college of tel-aviv jaffa - mta\chessfinalproject\chessfinalproject\debug\chessfin.77d3d751.tlog\link.read.1.tlog
c:\users\user\onedrive - the academic college of tel-aviv jaffa - mta\chessfinalproject\chessfinalproject\debug\chessfin.77d3d751.tlog\link.write.1.tlog
